CRITICAL - 2024-11-12 20:38:28 --> syntax error, unexpected '{'
#0 C:\Users\acer\Videos\perpus\perpus\system\Router\Router.php(175): CodeIgniter\Router\Router->autoRoute('home/ogin')
#1 C:\Users\acer\Videos\perpus\perpus\system\CodeIgniter.php(726): CodeIgniter\Router\Router->handle('home/ogin')
#2 C:\Users\acer\Videos\perpus\perpus\system\CodeIgniter.php(368): CodeIgniter\CodeIgniter->tryToRouteIt(Object(CodeIgniter\Router\RouteCollection))
#3 C:\Users\acer\Videos\perpus\perpus\system\CodeIgniter.php(326): CodeIgniter\CodeIgniter->handleRequest(NULL, Object(Config\Cache), false)
#4 C:\Users\acer\Videos\perpus\perpus\public\index.php(37): CodeIgniter\CodeIgniter->run()
#5 C:\Users\acer\Videos\perpus\perpus\system\Commands\Server\rewrite.php(43): require_once('C:\\Users\\acer\\V...')
#6 {main}
CRITICAL - 2024-11-12 20:41:57 --> syntax error, unexpected '{'
#0 C:\Users\acer\Videos\perpus\perpus\system\Router\Router.php(175): CodeIgniter\Router\Router->autoRoute('home/ogin')
#1 C:\Users\acer\Videos\perpus\perpus\system\CodeIgniter.php(726): CodeIgniter\Router\Router->handle('home/ogin')
#2 C:\Users\acer\Videos\perpus\perpus\system\CodeIgniter.php(368): CodeIgniter\CodeIgniter->tryToRouteIt(Object(CodeIgniter\Router\RouteCollection))
#3 C:\Users\acer\Videos\perpus\perpus\system\CodeIgniter.php(326): CodeIgniter\CodeIgniter->handleRequest(NULL, Object(Config\Cache), false)
#4 C:\Users\acer\Videos\perpus\perpus\public\index.php(37): CodeIgniter\CodeIgniter->run()
#5 C:\Users\acer\Videos\perpus\perpus\system\Commands\Server\rewrite.php(43): require_once('C:\\Users\\acer\\V...')
#6 {main}
CRITICAL - 2024-11-12 20:42:08 --> syntax error, unexpected '{'
#0 C:\Users\acer\Videos\perpus\perpus\system\Router\Router.php(175): CodeIgniter\Router\Router->autoRoute('home/login')
#1 C:\Users\acer\Videos\perpus\perpus\system\CodeIgniter.php(726): CodeIgniter\Router\Router->handle('home/login')
#2 C:\Users\acer\Videos\perpus\perpus\system\CodeIgniter.php(368): CodeIgniter\CodeIgniter->tryToRouteIt(Object(CodeIgniter\Router\RouteCollection))
#3 C:\Users\acer\Videos\perpus\perpus\system\CodeIgniter.php(326): CodeIgniter\CodeIgniter->handleRequest(NULL, Object(Config\Cache), false)
#4 C:\Users\acer\Videos\perpus\perpus\public\index.php(37): CodeIgniter\CodeIgniter->run()
#5 C:\Users\acer\Videos\perpus\perpus\system\Commands\Server\rewrite.php(43): require_once('C:\\Users\\acer\\V...')
#6 {main}
CRITICAL - 2024-11-12 20:42:09 --> syntax error, unexpected '{'
#0 C:\Users\acer\Videos\perpus\perpus\system\Router\Router.php(175): CodeIgniter\Router\Router->autoRoute('home/login')
#1 C:\Users\acer\Videos\perpus\perpus\system\CodeIgniter.php(726): CodeIgniter\Router\Router->handle('home/login')
#2 C:\Users\acer\Videos\perpus\perpus\system\CodeIgniter.php(368): CodeIgniter\CodeIgniter->tryToRouteIt(Object(CodeIgniter\Router\RouteCollection))
#3 C:\Users\acer\Videos\perpus\perpus\system\CodeIgniter.php(326): CodeIgniter\CodeIgniter->handleRequest(NULL, Object(Config\Cache), false)
#4 C:\Users\acer\Videos\perpus\perpus\public\index.php(37): CodeIgniter\CodeIgniter->run()
#5 C:\Users\acer\Videos\perpus\perpus\system\Commands\Server\rewrite.php(43): require_once('C:\\Users\\acer\\V...')
#6 {main}
CRITICAL - 2024-11-12 20:43:49 --> syntax error, unexpected '{'
#0 C:\Users\acer\Videos\perpus\perpus\system\Router\Router.php(175): CodeIgniter\Router\Router->autoRoute('home/login')
#1 C:\Users\acer\Videos\perpus\perpus\system\CodeIgniter.php(726): CodeIgniter\Router\Router->handle('home/login')
#2 C:\Users\acer\Videos\perpus\perpus\system\CodeIgniter.php(368): CodeIgniter\CodeIgniter->tryToRouteIt(Object(CodeIgniter\Router\RouteCollection))
#3 C:\Users\acer\Videos\perpus\perpus\system\CodeIgniter.php(326): CodeIgniter\CodeIgniter->handleRequest(NULL, Object(Config\Cache), false)
#4 C:\Users\acer\Videos\perpus\perpus\public\index.php(37): CodeIgniter\CodeIgniter->run()
#5 C:\Users\acer\Videos\perpus\perpus\system\Commands\Server\rewrite.php(43): require_once('C:\\Users\\acer\\V...')
#6 {main}
CRITICAL - 2024-11-12 20:43:50 --> syntax error, unexpected '{'
#0 C:\Users\acer\Videos\perpus\perpus\system\Router\Router.php(175): CodeIgniter\Router\Router->autoRoute('home/login')
#1 C:\Users\acer\Videos\perpus\perpus\system\CodeIgniter.php(726): CodeIgniter\Router\Router->handle('home/login')
#2 C:\Users\acer\Videos\perpus\perpus\system\CodeIgniter.php(368): CodeIgniter\CodeIgniter->tryToRouteIt(Object(CodeIgniter\Router\RouteCollection))
#3 C:\Users\acer\Videos\perpus\perpus\system\CodeIgniter.php(326): CodeIgniter\CodeIgniter->handleRequest(NULL, Object(Config\Cache), false)
#4 C:\Users\acer\Videos\perpus\perpus\public\index.php(37): CodeIgniter\CodeIgniter->run()
#5 C:\Users\acer\Videos\perpus\perpus\system\Commands\Server\rewrite.php(43): require_once('C:\\Users\\acer\\V...')
#6 {main}
CRITICAL - 2024-11-12 20:44:06 --> syntax error, unexpected '{'
#0 C:\Users\acer\Videos\perpus\perpus\system\Router\Router.php(175): CodeIgniter\Router\Router->autoRoute('home/login')
#1 C:\Users\acer\Videos\perpus\perpus\system\CodeIgniter.php(726): CodeIgniter\Router\Router->handle('home/login')
#2 C:\Users\acer\Videos\perpus\perpus\system\CodeIgniter.php(368): CodeIgniter\CodeIgniter->tryToRouteIt(Object(CodeIgniter\Router\RouteCollection))
#3 C:\Users\acer\Videos\perpus\perpus\system\CodeIgniter.php(326): CodeIgniter\CodeIgniter->handleRequest(NULL, Object(Config\Cache), false)
#4 C:\Users\acer\Videos\perpus\perpus\public\index.php(37): CodeIgniter\CodeIgniter->run()
#5 C:\Users\acer\Videos\perpus\perpus\system\Commands\Server\rewrite.php(43): require_once('C:\\Users\\acer\\V...')
#6 {main}
CRITICAL - 2024-11-12 20:44:18 --> syntax error, unexpected '{'
#0 C:\Users\acer\Videos\perpus\perpus\system\Router\Router.php(175): CodeIgniter\Router\Router->autoRoute('home/login')
#1 C:\Users\acer\Videos\perpus\perpus\system\CodeIgniter.php(726): CodeIgniter\Router\Router->handle('home/login')
#2 C:\Users\acer\Videos\perpus\perpus\system\CodeIgniter.php(368): CodeIgniter\CodeIgniter->tryToRouteIt(Object(CodeIgniter\Router\RouteCollection))
#3 C:\Users\acer\Videos\perpus\perpus\system\CodeIgniter.php(326): CodeIgniter\CodeIgniter->handleRequest(NULL, Object(Config\Cache), false)
#4 C:\Users\acer\Videos\perpus\perpus\public\index.php(37): CodeIgniter\CodeIgniter->run()
#5 C:\Users\acer\Videos\perpus\perpus\system\Commands\Server\rewrite.php(43): require_once('C:\\Users\\acer\\V...')
#6 {main}
CRITICAL - 2024-11-12 20:50:07 --> syntax error, unexpected 'public' (T_PUBLIC), expecting end of file
#0 C:\Users\acer\Videos\perpus\perpus\system\Router\Router.php(175): CodeIgniter\Router\Router->autoRoute('home/login')
#1 C:\Users\acer\Videos\perpus\perpus\system\CodeIgniter.php(726): CodeIgniter\Router\Router->handle('home/login')
#2 C:\Users\acer\Videos\perpus\perpus\system\CodeIgniter.php(368): CodeIgniter\CodeIgniter->tryToRouteIt(Object(CodeIgniter\Router\RouteCollection))
#3 C:\Users\acer\Videos\perpus\perpus\system\CodeIgniter.php(326): CodeIgniter\CodeIgniter->handleRequest(NULL, Object(Config\Cache), false)
#4 C:\Users\acer\Videos\perpus\perpus\public\index.php(37): CodeIgniter\CodeIgniter->run()
#5 C:\Users\acer\Videos\perpus\perpus\system\Commands\Server\rewrite.php(43): require_once('C:\\Users\\acer\\V...')
#6 {main}
CRITICAL - 2024-11-12 20:50:17 --> syntax error, unexpected 'public' (T_PUBLIC), expecting end of file
#0 C:\Users\acer\Videos\perpus\perpus\system\Router\Router.php(175): CodeIgniter\Router\Router->autoRoute('home/login')
#1 C:\Users\acer\Videos\perpus\perpus\system\CodeIgniter.php(726): CodeIgniter\Router\Router->handle('home/login')
#2 C:\Users\acer\Videos\perpus\perpus\system\CodeIgniter.php(368): CodeIgniter\CodeIgniter->tryToRouteIt(Object(CodeIgniter\Router\RouteCollection))
#3 C:\Users\acer\Videos\perpus\perpus\system\CodeIgniter.php(326): CodeIgniter\CodeIgniter->handleRequest(NULL, Object(Config\Cache), false)
#4 C:\Users\acer\Videos\perpus\perpus\public\index.php(37): CodeIgniter\CodeIgniter->run()
#5 C:\Users\acer\Videos\perpus\perpus\system\Commands\Server\rewrite.php(43): require_once('C:\\Users\\acer\\V...')
#6 {main}
