ERROR - 2024-11-07 00:01:02 --> Unknown column 'id_peminjaman' in 'order clause'
CRITICAL - 2024-11-07 00:01:02 --> Call to a member function getResult() on bool
#0 C:\Users\acer\Videos\perpus\perpus\app\Controllers\Home.php(397): App\Models\M_belajar->tampil('peminjaman', 'id_peminjaman')
#1 C:\Users\acer\Videos\perpus\perpus\system\CodeIgniter.php(832): App\Controllers\Home->peminjaman()
#2 C:\Users\acer\Videos\perpus\perpus\system\CodeIgniter.php(419): CodeIgniter\CodeIgniter->runController(Object(App\Controllers\Home))
#3 C:\Users\acer\Videos\perpus\perpus\system\CodeIgniter.php(326): CodeIgniter\CodeIgniter->handleRequest(NULL, Object(Config\Cache), false)
#4 C:\Users\acer\Videos\perpus\perpus\public\index.php(37): CodeIgniter\CodeIgniter->run()
#5 C:\Users\acer\Videos\perpus\perpus\system\Commands\Server\rewrite.php(43): require_once('C:\\Users\\acer\\V...')
#6 {main}
ERROR - 2024-11-07 00:01:44 --> Unknown column 'id_peminjaman' in 'order clause'
CRITICAL - 2024-11-07 00:01:44 --> Call to a member function getResult() on bool
#0 C:\Users\acer\Videos\perpus\perpus\app\Controllers\Home.php(397): App\Models\M_belajar->tampil('peminjaman', 'id_peminjaman')
#1 C:\Users\acer\Videos\perpus\perpus\system\CodeIgniter.php(832): App\Controllers\Home->peminjaman()
#2 C:\Users\acer\Videos\perpus\perpus\system\CodeIgniter.php(419): CodeIgniter\CodeIgniter->runController(Object(App\Controllers\Home))
#3 C:\Users\acer\Videos\perpus\perpus\system\CodeIgniter.php(326): CodeIgniter\CodeIgniter->handleRequest(NULL, Object(Config\Cache), false)
#4 C:\Users\acer\Videos\perpus\perpus\public\index.php(37): CodeIgniter\CodeIgniter->run()
#5 C:\Users\acer\Videos\perpus\perpus\system\Commands\Server\rewrite.php(43): require_once('C:\\Users\\acer\\V...')
#6 {main}
ERROR - 2024-11-07 00:02:05 --> Unknown column 'id_peminjaman' in 'order clause'
CRITICAL - 2024-11-07 00:02:05 --> Call to a member function getResult() on bool
#0 C:\Users\acer\Videos\perpus\perpus\app\Controllers\Home.php(397): App\Models\M_belajar->tampil('peminjaman', 'id_peminjaman')
#1 C:\Users\acer\Videos\perpus\perpus\system\CodeIgniter.php(832): App\Controllers\Home->peminjaman()
#2 C:\Users\acer\Videos\perpus\perpus\system\CodeIgniter.php(419): CodeIgniter\CodeIgniter->runController(Object(App\Controllers\Home))
#3 C:\Users\acer\Videos\perpus\perpus\system\CodeIgniter.php(326): CodeIgniter\CodeIgniter->handleRequest(NULL, Object(Config\Cache), false)
#4 C:\Users\acer\Videos\perpus\perpus\public\index.php(37): CodeIgniter\CodeIgniter->run()
#5 C:\Users\acer\Videos\perpus\perpus\system\Commands\Server\rewrite.php(43): require_once('C:\\Users\\acer\\V...')
#6 {main}
CRITICAL - 2024-11-07 00:18:36 --> Cannot redeclare App\Controllers\Home::simpanbuku()
#0 [internal function]: CodeIgniter\Debug\Exceptions->shutdownHandler()
#1 {main}
ERROR - 2024-11-07 00:22:00 --> Unknown column 'id_peminjaman' in 'where clause'
ERROR - 2024-11-07 01:01:06 --> Table 'perpustakaan1.user' doesn't exist
CRITICAL - 2024-11-07 01:01:06 --> Call to a member function getRow() on bool
#0 C:\Users\acer\Videos\perpus\perpus\app\Controllers\Home.php(36): App\Models\M_belajar->getWhere('user', Array)
#1 C:\Users\acer\Videos\perpus\perpus\system\CodeIgniter.php(832): App\Controllers\Home->aksi_login()
#2 C:\Users\acer\Videos\perpus\perpus\system\CodeIgniter.php(419): CodeIgniter\CodeIgniter->runController(Object(App\Controllers\Home))
#3 C:\Users\acer\Videos\perpus\perpus\system\CodeIgniter.php(326): CodeIgniter\CodeIgniter->handleRequest(NULL, Object(Config\Cache), false)
#4 C:\Users\acer\Videos\perpus\perpus\public\index.php(37): CodeIgniter\CodeIgniter->run()
#5 C:\Users\acer\Videos\perpus\perpus\system\Commands\Server\rewrite.php(43): require_once('C:\\Users\\acer\\V...')
#6 {main}
