CRITICAL - 2024-11-20 00:04:00 --> Too few arguments to function App\Controllers\Home::hapus_peminjaman(), 0 passed in C:\Users\acer\Videos\perpus\perpus\system\CodeIgniter.php on line 832 and exactly 1 expected
#0 C:\Users\acer\Videos\perpus\perpus\system\CodeIgniter.php(832): App\Controllers\Home->hapus_peminjaman()
#1 C:\Users\acer\Videos\perpus\perpus\system\CodeIgniter.php(419): CodeIgniter\CodeIgniter->runController(Object(App\Controllers\Home))
#2 C:\Users\acer\Videos\perpus\perpus\system\CodeIgniter.php(326): CodeIgniter\CodeIgniter->handleRequest(NULL, Object(Config\Cache), false)
#3 C:\Users\acer\Videos\perpus\perpus\public\index.php(37): CodeIgniter\CodeIgniter->run()
#4 C:\Users\acer\Videos\perpus\perpus\system\Commands\Server\rewrite.php(43): require_once('C:\\Users\\acer\\V...')
#5 {main}
CRITICAL - 2024-11-20 00:05:41 --> Too few arguments to function App\Controllers\Home::hapus_peminjaman(), 0 passed in C:\Users\acer\Videos\perpus\perpus\system\CodeIgniter.php on line 832 and exactly 1 expected
#0 C:\Users\acer\Videos\perpus\perpus\system\CodeIgniter.php(832): App\Controllers\Home->hapus_peminjaman()
#1 C:\Users\acer\Videos\perpus\perpus\system\CodeIgniter.php(419): CodeIgniter\CodeIgniter->runController(Object(App\Controllers\Home))
#2 C:\Users\acer\Videos\perpus\perpus\system\CodeIgniter.php(326): CodeIgniter\CodeIgniter->handleRequest(NULL, Object(Config\Cache), false)
#3 C:\Users\acer\Videos\perpus\perpus\public\index.php(37): CodeIgniter\CodeIgniter->run()
#4 C:\Users\acer\Videos\perpus\perpus\system\Commands\Server\rewrite.php(43): require_once('C:\\Users\\acer\\V...')
#5 {main}
ERROR - 2024-11-20 00:05:57 --> Unknown column 'stok' in 'field list'
ERROR - 2024-11-20 00:06:02 --> Unknown column 'stok' in 'field list'
ERROR - 2024-11-20 00:09:48 --> Unknown column 'stok' in 'field list'
ERROR - 2024-11-20 00:10:18 --> Unknown column 'stok' in 'field list'
ERROR - 2024-11-20 00:17:58 --> Unknown column 'stok' in 'field list'
ERROR - 2024-11-20 00:18:02 --> Unknown column 'stok' in 'field list'
ERROR - 2024-11-20 00:22:37 --> Unknown column 'stok' in 'field list'
ERROR - 2024-11-20 00:23:57 --> Unknown column 'stok' in 'field list'
ERROR - 2024-11-20 00:28:47 --> Unknown column 'stok' in 'field list'
ERROR - 2024-11-20 00:28:52 --> Unknown column 'stok' in 'field list'
ERROR - 2024-11-20 00:28:59 --> Unknown column 'stok' in 'field list'
ERROR - 2024-11-20 00:29:08 --> Unknown column 'stok' in 'field list'
ERROR - 2024-11-20 00:33:10 --> Unknown column 'stok' in 'field list'
ERROR - 2024-11-20 02:16:12 --> Unknown column 'stok' in 'field list'
ERROR - 2024-11-20 02:16:22 --> Unknown column 'stok' in 'field list'
ERROR - 2024-11-20 02:20:22 --> Unknown column 'stok' in 'field list'
ERROR - 2024-11-20 02:20:29 --> Unknown column 'stok' in 'field list'
ERROR - 2024-11-20 02:25:23 --> Unknown column 'stok' in 'field list'
ERROR - 2024-11-20 02:25:50 --> Unknown column 'stok' in 'field list'
ERROR - 2024-11-20 02:26:03 --> Unknown column 'stok' in 'field list'
ERROR - 2024-11-20 02:26:42 --> Unknown column 'stok' in 'field list'
ERROR - 2024-11-20 02:28:02 --> Unknown column 'stok' in 'field list'
ERROR - 2024-11-20 02:29:29 --> Unknown column 'stok' in 'field list'
ERROR - 2024-11-20 02:29:34 --> Unknown column 'stok' in 'field list'
ERROR - 2024-11-20 06:59:43 --> Error connecting to the database: No connection could be made because the target machine actively refused it.

CRITICAL - 2024-11-20 06:59:43 --> Unable to connect to the database.
Main connection [MySQLi]: No connection could be made because the target machine actively refused it.

#0 C:\Users\acer\Videos\perpus\perpus\system\Database\BaseConnection.php(577): CodeIgniter\Database\BaseConnection->initialize()
#1 C:\Users\acer\Videos\perpus\perpus\system\Database\BaseBuilder.php(1588): CodeIgniter\Database\BaseConnection->query('SELECT *\nFROM `...', Array, false)
#2 C:\Users\acer\Videos\perpus\perpus\app\Models\M_belajar.php(48): CodeIgniter\Database\BaseBuilder->getWhere(Array)
#3 C:\Users\acer\Videos\perpus\perpus\app\Controllers\Home.php(50): App\Models\M_belajar->getWhere('user', Array)
#4 C:\Users\acer\Videos\perpus\perpus\system\CodeIgniter.php(832): App\Controllers\Home->aksi_login()
#5 C:\Users\acer\Videos\perpus\perpus\system\CodeIgniter.php(419): CodeIgniter\CodeIgniter->runController(Object(App\Controllers\Home))
#6 C:\Users\acer\Videos\perpus\perpus\system\CodeIgniter.php(326): CodeIgniter\CodeIgniter->handleRequest(NULL, Object(Config\Cache), false)
#7 C:\Users\acer\Videos\perpus\perpus\public\index.php(37): CodeIgniter\CodeIgniter->run()
#8 C:\Users\acer\Videos\perpus\perpus\system\Commands\Server\rewrite.php(43): require_once('C:\\Users\\acer\\V...')
#9 {main}
CRITICAL - 2024-11-20 08:12:17 --> Class 'TCPDF' not found
#0 C:\Users\acer\Videos\perpus\perpus\system\CodeIgniter.php(832): App\Controllers\Home->downloadPDFpeminjaman()
#1 C:\Users\acer\Videos\perpus\perpus\system\CodeIgniter.php(419): CodeIgniter\CodeIgniter->runController(Object(App\Controllers\Home))
#2 C:\Users\acer\Videos\perpus\perpus\system\CodeIgniter.php(326): CodeIgniter\CodeIgniter->handleRequest(NULL, Object(Config\Cache), false)
#3 C:\Users\acer\Videos\perpus\perpus\public\index.php(37): CodeIgniter\CodeIgniter->run()
#4 C:\Users\acer\Videos\perpus\perpus\system\Commands\Server\rewrite.php(43): require_once('C:\\Users\\acer\\V...')
#5 {main}
CRITICAL - 2024-11-20 18:14:42 --> Invalid argument supplied for foreach()
#0 C:\Users\acer\Videos\perpus\perpus\app\Views\tcpdfpeminjaman.php(36): CodeIgniter\Debug\Exceptions->errorHandler(2, 'Invalid argumen...', 'C:\\Users\\acer\\V...', 36, Array)
#1 C:\Users\acer\Videos\perpus\perpus\system\View\View.php(210): include('C:\\Users\\acer\\V...')
#2 C:\Users\acer\Videos\perpus\perpus\system\View\View.php(213): CodeIgniter\View\View->CodeIgniter\View\{closure}()
#3 C:\Users\acer\Videos\perpus\perpus\system\Common.php(1089): CodeIgniter\View\View->render('tcpdfpeminjaman', Array, true)
#4 C:\Users\acer\Videos\perpus\perpus\app\Controllers\Home.php(607): view('tcpdfpeminjaman', Array)
#5 C:\Users\acer\Videos\perpus\perpus\system\CodeIgniter.php(832): App\Controllers\Home->downloadPDFpeminjaman()
#6 C:\Users\acer\Videos\perpus\perpus\system\CodeIgniter.php(419): CodeIgniter\CodeIgniter->runController(Object(App\Controllers\Home))
#7 C:\Users\acer\Videos\perpus\perpus\system\CodeIgniter.php(326): CodeIgniter\CodeIgniter->handleRequest(NULL, Object(Config\Cache), false)
#8 C:\Users\acer\Videos\perpus\perpus\public\index.php(37): CodeIgniter\CodeIgniter->run()
#9 C:\Users\acer\Videos\perpus\perpus\system\Commands\Server\rewrite.php(43): require_once('C:\\Users\\acer\\V...')
#10 {main}
CRITICAL - 2024-11-20 18:20:28 --> Class 'TCPDF' not found
#0 C:\Users\acer\Videos\perpus\perpus\system\CodeIgniter.php(832): App\Controllers\Home->downloadPDFpeminjaman()
#1 C:\Users\acer\Videos\perpus\perpus\system\CodeIgniter.php(419): CodeIgniter\CodeIgniter->runController(Object(App\Controllers\Home))
#2 C:\Users\acer\Videos\perpus\perpus\system\CodeIgniter.php(326): CodeIgniter\CodeIgniter->handleRequest(NULL, Object(Config\Cache), false)
#3 C:\Users\acer\Videos\perpus\perpus\public\index.php(37): CodeIgniter\CodeIgniter->run()
#4 C:\Users\acer\Videos\perpus\perpus\system\Commands\Server\rewrite.php(43): require_once('C:\\Users\\acer\\V...')
#5 {main}
CRITICAL - 2024-11-20 18:35:08 --> syntax error, unexpected '$wendy' (T_VARIABLE)
#0 C:\Users\acer\Videos\perpus\perpus\system\Router\Router.php(175): CodeIgniter\Router\Router->autoRoute('home/downloadPD...')
#1 C:\Users\acer\Videos\perpus\perpus\system\CodeIgniter.php(726): CodeIgniter\Router\Router->handle('home/downloadPD...')
#2 C:\Users\acer\Videos\perpus\perpus\system\CodeIgniter.php(368): CodeIgniter\CodeIgniter->tryToRouteIt(Object(CodeIgniter\Router\RouteCollection))
#3 C:\Users\acer\Videos\perpus\perpus\system\CodeIgniter.php(326): CodeIgniter\CodeIgniter->handleRequest(NULL, Object(Config\Cache), false)
#4 C:\Users\acer\Videos\perpus\perpus\public\index.php(37): CodeIgniter\CodeIgniter->run()
#5 C:\Users\acer\Videos\perpus\perpus\system\Commands\Server\rewrite.php(43): require_once('C:\\Users\\acer\\V...')
#6 {main}
CRITICAL - 2024-11-20 18:35:32 --> Invalid argument supplied for foreach()
#0 C:\Users\acer\Videos\perpus\perpus\app\Views\tcpdfpeminjaman.php(36): CodeIgniter\Debug\Exceptions->errorHandler(2, 'Invalid argumen...', 'C:\\Users\\acer\\V...', 36, Array)
#1 C:\Users\acer\Videos\perpus\perpus\system\View\View.php(210): include('C:\\Users\\acer\\V...')
#2 C:\Users\acer\Videos\perpus\perpus\system\View\View.php(213): CodeIgniter\View\View->CodeIgniter\View\{closure}()
#3 C:\Users\acer\Videos\perpus\perpus\system\Common.php(1089): CodeIgniter\View\View->render('tcpdfpeminjaman', Array, true)
#4 C:\Users\acer\Videos\perpus\perpus\app\Controllers\Home.php(608): view('tcpdfpeminjaman', Array)
#5 C:\Users\acer\Videos\perpus\perpus\system\CodeIgniter.php(832): App\Controllers\Home->downloadPDFpeminjaman()
#6 C:\Users\acer\Videos\perpus\perpus\system\CodeIgniter.php(419): CodeIgniter\CodeIgniter->runController(Object(App\Controllers\Home))
#7 C:\Users\acer\Videos\perpus\perpus\system\CodeIgniter.php(326): CodeIgniter\CodeIgniter->handleRequest(NULL, Object(Config\Cache), false)
#8 C:\Users\acer\Videos\perpus\perpus\public\index.php(37): CodeIgniter\CodeIgniter->run()
#9 C:\Users\acer\Videos\perpus\perpus\system\Commands\Server\rewrite.php(43): require_once('C:\\Users\\acer\\V...')
#10 {main}
CRITICAL - 2024-11-20 18:40:01 --> Invalid argument supplied for foreach()
#0 C:\Users\acer\Videos\perpus\perpus\app\Views\tcpdfpeminjaman.php(36): CodeIgniter\Debug\Exceptions->errorHandler(2, 'Invalid argumen...', 'C:\\Users\\acer\\V...', 36, Array)
#1 C:\Users\acer\Videos\perpus\perpus\system\View\View.php(210): include('C:\\Users\\acer\\V...')
#2 C:\Users\acer\Videos\perpus\perpus\system\View\View.php(213): CodeIgniter\View\View->CodeIgniter\View\{closure}()
#3 C:\Users\acer\Videos\perpus\perpus\system\Common.php(1089): CodeIgniter\View\View->render('tcpdfpeminjaman', Array, true)
#4 C:\Users\acer\Videos\perpus\perpus\app\Controllers\Home.php(608): view('tcpdfpeminjaman', Array)
#5 C:\Users\acer\Videos\perpus\perpus\system\CodeIgniter.php(832): App\Controllers\Home->downloadPDFpeminjaman()
#6 C:\Users\acer\Videos\perpus\perpus\system\CodeIgniter.php(419): CodeIgniter\CodeIgniter->runController(Object(App\Controllers\Home))
#7 C:\Users\acer\Videos\perpus\perpus\system\CodeIgniter.php(326): CodeIgniter\CodeIgniter->handleRequest(NULL, Object(Config\Cache), false)
#8 C:\Users\acer\Videos\perpus\perpus\public\index.php(37): CodeIgniter\CodeIgniter->run()
#9 C:\Users\acer\Videos\perpus\perpus\system\Commands\Server\rewrite.php(43): require_once('C:\\Users\\acer\\V...')
#10 {main}
CRITICAL - 2024-11-20 18:42:52 --> syntax error, unexpected 'endforeach' (T_ENDFOREACH)
#0 C:\Users\acer\Videos\perpus\perpus\system\View\View.php(213): CodeIgniter\View\View->CodeIgniter\View\{closure}()
#1 C:\Users\acer\Videos\perpus\perpus\system\Common.php(1089): CodeIgniter\View\View->render('tcpdfpeminjaman', Array, true)
#2 C:\Users\acer\Videos\perpus\perpus\app\Controllers\Home.php(608): view('tcpdfpeminjaman', Array)
#3 C:\Users\acer\Videos\perpus\perpus\system\CodeIgniter.php(832): App\Controllers\Home->downloadPDFpeminjaman()
#4 C:\Users\acer\Videos\perpus\perpus\system\CodeIgniter.php(419): CodeIgniter\CodeIgniter->runController(Object(App\Controllers\Home))
#5 C:\Users\acer\Videos\perpus\perpus\system\CodeIgniter.php(326): CodeIgniter\CodeIgniter->handleRequest(NULL, Object(Config\Cache), false)
#6 C:\Users\acer\Videos\perpus\perpus\public\index.php(37): CodeIgniter\CodeIgniter->run()
#7 C:\Users\acer\Videos\perpus\perpus\system\Commands\Server\rewrite.php(43): require_once('C:\\Users\\acer\\V...')
#8 {main}
CRITICAL - 2024-11-20 18:43:30 --> syntax error, unexpected 'endforeach' (T_ENDFOREACH)
#0 C:\Users\acer\Videos\perpus\perpus\system\View\View.php(213): CodeIgniter\View\View->CodeIgniter\View\{closure}()
#1 C:\Users\acer\Videos\perpus\perpus\system\Common.php(1089): CodeIgniter\View\View->render('tcpdfpeminjaman', Array, true)
#2 C:\Users\acer\Videos\perpus\perpus\app\Controllers\Home.php(608): view('tcpdfpeminjaman', Array)
#3 C:\Users\acer\Videos\perpus\perpus\system\CodeIgniter.php(832): App\Controllers\Home->downloadPDFpeminjaman()
#4 C:\Users\acer\Videos\perpus\perpus\system\CodeIgniter.php(419): CodeIgniter\CodeIgniter->runController(Object(App\Controllers\Home))
#5 C:\Users\acer\Videos\perpus\perpus\system\CodeIgniter.php(326): CodeIgniter\CodeIgniter->handleRequest(NULL, Object(Config\Cache), false)
#6 C:\Users\acer\Videos\perpus\perpus\public\index.php(37): CodeIgniter\CodeIgniter->run()
#7 C:\Users\acer\Videos\perpus\perpus\system\Commands\Server\rewrite.php(43): require_once('C:\\Users\\acer\\V...')
#8 {main}
CRITICAL - 2024-11-20 18:45:22 --> Invalid argument supplied for foreach()
#0 C:\Users\acer\Videos\perpus\perpus\app\Views\tcpdfpeminjaman.php(36): CodeIgniter\Debug\Exceptions->errorHandler(2, 'Invalid argumen...', 'C:\\Users\\acer\\V...', 36, Array)
#1 C:\Users\acer\Videos\perpus\perpus\system\View\View.php(210): include('C:\\Users\\acer\\V...')
#2 C:\Users\acer\Videos\perpus\perpus\system\View\View.php(213): CodeIgniter\View\View->CodeIgniter\View\{closure}()
#3 C:\Users\acer\Videos\perpus\perpus\system\Common.php(1089): CodeIgniter\View\View->render('tcpdfpeminjaman', Array, true)
#4 C:\Users\acer\Videos\perpus\perpus\app\Controllers\Home.php(608): view('tcpdfpeminjaman', Array)
#5 C:\Users\acer\Videos\perpus\perpus\system\CodeIgniter.php(832): App\Controllers\Home->downloadPDFpeminjaman()
#6 C:\Users\acer\Videos\perpus\perpus\system\CodeIgniter.php(419): CodeIgniter\CodeIgniter->runController(Object(App\Controllers\Home))
#7 C:\Users\acer\Videos\perpus\perpus\system\CodeIgniter.php(326): CodeIgniter\CodeIgniter->handleRequest(NULL, Object(Config\Cache), false)
#8 C:\Users\acer\Videos\perpus\perpus\public\index.php(37): CodeIgniter\CodeIgniter->run()
#9 C:\Users\acer\Videos\perpus\perpus\system\Commands\Server\rewrite.php(43): require_once('C:\\Users\\acer\\V...')
#10 {main}
CRITICAL - 2024-11-20 18:49:14 --> syntax error, unexpected 'endforeach' (T_ENDFOREACH)
#0 C:\Users\acer\Videos\perpus\perpus\system\View\View.php(213): CodeIgniter\View\View->CodeIgniter\View\{closure}()
#1 C:\Users\acer\Videos\perpus\perpus\system\Common.php(1089): CodeIgniter\View\View->render('tcpdfpeminjaman', Array, true)
#2 C:\Users\acer\Videos\perpus\perpus\app\Controllers\Home.php(608): view('tcpdfpeminjaman', Array)
#3 C:\Users\acer\Videos\perpus\perpus\system\CodeIgniter.php(832): App\Controllers\Home->downloadPDFpeminjaman()
#4 C:\Users\acer\Videos\perpus\perpus\system\CodeIgniter.php(419): CodeIgniter\CodeIgniter->runController(Object(App\Controllers\Home))
#5 C:\Users\acer\Videos\perpus\perpus\system\CodeIgniter.php(326): CodeIgniter\CodeIgniter->handleRequest(NULL, Object(Config\Cache), false)
#6 C:\Users\acer\Videos\perpus\perpus\public\index.php(37): CodeIgniter\CodeIgniter->run()
#7 C:\Users\acer\Videos\perpus\perpus\system\Commands\Server\rewrite.php(43): require_once('C:\\Users\\acer\\V...')
#8 {main}
CRITICAL - 2024-11-20 18:49:31 --> syntax error, unexpected 'endforeach' (T_ENDFOREACH)
#0 C:\Users\acer\Videos\perpus\perpus\system\View\View.php(213): CodeIgniter\View\View->CodeIgniter\View\{closure}()
#1 C:\Users\acer\Videos\perpus\perpus\system\Common.php(1089): CodeIgniter\View\View->render('tcpdfpeminjaman', Array, true)
#2 C:\Users\acer\Videos\perpus\perpus\app\Controllers\Home.php(608): view('tcpdfpeminjaman', Array)
#3 C:\Users\acer\Videos\perpus\perpus\system\CodeIgniter.php(832): App\Controllers\Home->downloadPDFpeminjaman()
#4 C:\Users\acer\Videos\perpus\perpus\system\CodeIgniter.php(419): CodeIgniter\CodeIgniter->runController(Object(App\Controllers\Home))
#5 C:\Users\acer\Videos\perpus\perpus\system\CodeIgniter.php(326): CodeIgniter\CodeIgniter->handleRequest(NULL, Object(Config\Cache), false)
#6 C:\Users\acer\Videos\perpus\perpus\public\index.php(37): CodeIgniter\CodeIgniter->run()
#7 C:\Users\acer\Videos\perpus\perpus\system\Commands\Server\rewrite.php(43): require_once('C:\\Users\\acer\\V...')
#8 {main}
CRITICAL - 2024-11-20 18:57:15 --> Invalid argument supplied for foreach()
#0 C:\Users\acer\Videos\perpus\perpus\app\Views\tcpdfpeminjaman.php(36): CodeIgniter\Debug\Exceptions->errorHandler(2, 'Invalid argumen...', 'C:\\Users\\acer\\V...', 36, Array)
#1 C:\Users\acer\Videos\perpus\perpus\system\View\View.php(210): include('C:\\Users\\acer\\V...')
#2 C:\Users\acer\Videos\perpus\perpus\system\View\View.php(213): CodeIgniter\View\View->CodeIgniter\View\{closure}()
#3 C:\Users\acer\Videos\perpus\perpus\system\Common.php(1089): CodeIgniter\View\View->render('tcpdfpeminjaman', Array, true)
#4 C:\Users\acer\Videos\perpus\perpus\app\Controllers\Home.php(608): view('tcpdfpeminjaman', Array)
#5 C:\Users\acer\Videos\perpus\perpus\system\CodeIgniter.php(832): App\Controllers\Home->downloadPDFpeminjaman()
#6 C:\Users\acer\Videos\perpus\perpus\system\CodeIgniter.php(419): CodeIgniter\CodeIgniter->runController(Object(App\Controllers\Home))
#7 C:\Users\acer\Videos\perpus\perpus\system\CodeIgniter.php(326): CodeIgniter\CodeIgniter->handleRequest(NULL, Object(Config\Cache), false)
#8 C:\Users\acer\Videos\perpus\perpus\public\index.php(37): CodeIgniter\CodeIgniter->run()
#9 C:\Users\acer\Videos\perpus\perpus\system\Commands\Server\rewrite.php(43): require_once('C:\\Users\\acer\\V...')
#10 {main}
CRITICAL - 2024-11-20 18:58:37 --> syntax error, unexpected '=>' (T_DOUBLE_ARROW), expecting ']'
#0 C:\Users\acer\Videos\perpus\perpus\system\Router\Router.php(175): CodeIgniter\Router\Router->autoRoute('home/downloadPD...')
#1 C:\Users\acer\Videos\perpus\perpus\system\CodeIgniter.php(726): CodeIgniter\Router\Router->handle('home/downloadPD...')
#2 C:\Users\acer\Videos\perpus\perpus\system\CodeIgniter.php(368): CodeIgniter\CodeIgniter->tryToRouteIt(Object(CodeIgniter\Router\RouteCollection))
#3 C:\Users\acer\Videos\perpus\perpus\system\CodeIgniter.php(326): CodeIgniter\CodeIgniter->handleRequest(NULL, Object(Config\Cache), false)
#4 C:\Users\acer\Videos\perpus\perpus\public\index.php(37): CodeIgniter\CodeIgniter->run()
#5 C:\Users\acer\Videos\perpus\perpus\system\Commands\Server\rewrite.php(43): require_once('C:\\Users\\acer\\V...')
#6 {main}
CRITICAL - 2024-11-20 18:59:10 --> syntax error, unexpected '=>' (T_DOUBLE_ARROW), expecting ']'
#0 C:\Users\acer\Videos\perpus\perpus\system\Router\Router.php(175): CodeIgniter\Router\Router->autoRoute('home/downloadPD...')
#1 C:\Users\acer\Videos\perpus\perpus\system\CodeIgniter.php(726): CodeIgniter\Router\Router->handle('home/downloadPD...')
#2 C:\Users\acer\Videos\perpus\perpus\system\CodeIgniter.php(368): CodeIgniter\CodeIgniter->tryToRouteIt(Object(CodeIgniter\Router\RouteCollection))
#3 C:\Users\acer\Videos\perpus\perpus\system\CodeIgniter.php(326): CodeIgniter\CodeIgniter->handleRequest(NULL, Object(Config\Cache), false)
#4 C:\Users\acer\Videos\perpus\perpus\public\index.php(37): CodeIgniter\CodeIgniter->run()
#5 C:\Users\acer\Videos\perpus\perpus\system\Commands\Server\rewrite.php(43): require_once('C:\\Users\\acer\\V...')
#6 {main}
CRITICAL - 2024-11-20 19:00:14 --> Class 'TCPDF' not found
#0 C:\Users\acer\Videos\perpus\perpus\system\CodeIgniter.php(832): App\Controllers\Home->downloadPDFpeminjaman()
#1 C:\Users\acer\Videos\perpus\perpus\system\CodeIgniter.php(419): CodeIgniter\CodeIgniter->runController(Object(App\Controllers\Home))
#2 C:\Users\acer\Videos\perpus\perpus\system\CodeIgniter.php(326): CodeIgniter\CodeIgniter->handleRequest(NULL, Object(Config\Cache), false)
#3 C:\Users\acer\Videos\perpus\perpus\public\index.php(37): CodeIgniter\CodeIgniter->run()
#4 C:\Users\acer\Videos\perpus\perpus\system\Commands\Server\rewrite.php(43): require_once('C:\\Users\\acer\\V...')
#5 {main}
CRITICAL - 2024-11-20 19:04:08 --> Class 'TCPDF' not found
#0 C:\Users\acer\Videos\perpus\perpus\system\CodeIgniter.php(832): App\Controllers\Home->downloadPDFpeminjaman()
#1 C:\Users\acer\Videos\perpus\perpus\system\CodeIgniter.php(419): CodeIgniter\CodeIgniter->runController(Object(App\Controllers\Home))
#2 C:\Users\acer\Videos\perpus\perpus\system\CodeIgniter.php(326): CodeIgniter\CodeIgniter->handleRequest(NULL, Object(Config\Cache), false)
#3 C:\Users\acer\Videos\perpus\perpus\public\index.php(37): CodeIgniter\CodeIgniter->run()
#4 C:\Users\acer\Videos\perpus\perpus\system\Commands\Server\rewrite.php(43): require_once('C:\\Users\\acer\\V...')
#5 {main}
CRITICAL - 2024-11-20 19:09:25 --> Class 'TCPDF' not found
#0 C:\Users\acer\Videos\perpus\perpus\system\CodeIgniter.php(832): App\Controllers\Home->downloadPDFpeminjaman()
#1 C:\Users\acer\Videos\perpus\perpus\system\CodeIgniter.php(419): CodeIgniter\CodeIgniter->runController(Object(App\Controllers\Home))
#2 C:\Users\acer\Videos\perpus\perpus\system\CodeIgniter.php(326): CodeIgniter\CodeIgniter->handleRequest(NULL, Object(Config\Cache), false)
#3 C:\Users\acer\Videos\perpus\perpus\public\index.php(37): CodeIgniter\CodeIgniter->run()
#4 C:\Users\acer\Videos\perpus\perpus\system\Commands\Server\rewrite.php(43): require_once('C:\\Users\\acer\\V...')
#5 {main}
CRITICAL - 2024-11-20 19:10:56 --> Class 'TCPDF' not found
#0 C:\Users\acer\Videos\perpus\perpus\system\CodeIgniter.php(832): App\Controllers\Home->downloadPDFpeminjaman()
#1 C:\Users\acer\Videos\perpus\perpus\system\CodeIgniter.php(419): CodeIgniter\CodeIgniter->runController(Object(App\Controllers\Home))
#2 C:\Users\acer\Videos\perpus\perpus\system\CodeIgniter.php(326): CodeIgniter\CodeIgniter->handleRequest(NULL, Object(Config\Cache), false)
#3 C:\Users\acer\Videos\perpus\perpus\public\index.php(37): CodeIgniter\CodeIgniter->run()
#4 C:\Users\acer\Videos\perpus\perpus\system\Commands\Server\rewrite.php(43): require_once('C:\\Users\\acer\\V...')
#5 {main}
CRITICAL - 2024-11-20 19:11:49 --> Class 'TCPDF' not found
#0 C:\Users\acer\Videos\perpus\perpus\system\CodeIgniter.php(832): App\Controllers\Home->downloadPDFpeminjaman()
#1 C:\Users\acer\Videos\perpus\perpus\system\CodeIgniter.php(419): CodeIgniter\CodeIgniter->runController(Object(App\Controllers\Home))
#2 C:\Users\acer\Videos\perpus\perpus\system\CodeIgniter.php(326): CodeIgniter\CodeIgniter->handleRequest(NULL, Object(Config\Cache), false)
#3 C:\Users\acer\Videos\perpus\perpus\public\index.php(37): CodeIgniter\CodeIgniter->run()
#4 C:\Users\acer\Videos\perpus\perpus\system\Commands\Server\rewrite.php(43): require_once('C:\\Users\\acer\\V...')
#5 {main}
CRITICAL - 2024-11-20 19:48:19 --> Too few arguments to function App\Models\M_belajar::filter(), 6 passed in C:\Users\acer\Videos\perpus\perpus\app\Controllers\Home.php on line 607 and exactly 7 expected
#0 C:\Users\acer\Videos\perpus\perpus\app\Controllers\Home.php(607): App\Models\M_belajar->filter('peminjaman', 'tanggal_peminja...', 'tanggal_peminja...', '2024-10-27', '2024-11-21', 'id_peminjaman')
#1 C:\Users\acer\Videos\perpus\perpus\system\CodeIgniter.php(832): App\Controllers\Home->downloadPDFpeminjaman()
#2 C:\Users\acer\Videos\perpus\perpus\system\CodeIgniter.php(419): CodeIgniter\CodeIgniter->runController(Object(App\Controllers\Home))
#3 C:\Users\acer\Videos\perpus\perpus\system\CodeIgniter.php(326): CodeIgniter\CodeIgniter->handleRequest(NULL, Object(Config\Cache), false)
#4 C:\Users\acer\Videos\perpus\perpus\public\index.php(37): CodeIgniter\CodeIgniter->run()
#5 C:\Users\acer\Videos\perpus\perpus\system\Commands\Server\rewrite.php(43): require_once('C:\\Users\\acer\\V...')
#6 {main}
