ERROR - 2024-12-01 19:04:17 --> Unknown column 'username' in 'field list'
ERROR - 2024-12-01 19:06:00 --> Unknown column 'username' in 'field list'
ERROR - 2024-12-01 19:06:49 --> Unknown column 'username' in 'field list'
ERROR - 2024-12-01 19:09:32 --> Unknown column 'username' in 'field list'
ERROR - 2024-12-01 19:41:29 --> Column 'username' cannot be null
ERROR - 2024-12-01 19:41:29 --> Column 'id_user' cannot be null
ERROR - 2024-12-01 19:42:47 --> Column 'username' cannot be null
ERROR - 2024-12-01 19:42:47 --> Column 'id_user' cannot be null
CRITICAL - 2024-12-01 19:46:36 --> Invalid argument supplied for foreach()
#0 C:\Users\acer\Videos\perpus\perpus\app\Views\tcpdfpeminjaman.php(18): CodeIgniter\Debug\Exceptions->errorHandler(2, 'Invalid argumen...', 'C:\\Users\\acer\\V...', 18, Array)
#1 C:\Users\acer\Videos\perpus\perpus\system\View\View.php(210): include('C:\\Users\\acer\\V...')
#2 C:\Users\acer\Videos\perpus\perpus\system\View\View.php(213): CodeIgniter\View\View->CodeIgniter\View\{closure}()
#3 C:\Users\acer\Videos\perpus\perpus\system\Common.php(1089): CodeIgniter\View\View->render('tcpdfpeminjaman', Array, true)
#4 C:\Users\acer\Videos\perpus\perpus\app\Controllers\Home.php(602): view('tcpdfpeminjaman')
#5 C:\Users\acer\Videos\perpus\perpus\system\CodeIgniter.php(832): App\Controllers\Home->tcpdfpeminjaman()
#6 C:\Users\acer\Videos\perpus\perpus\system\CodeIgniter.php(419): CodeIgniter\CodeIgniter->runController(Object(App\Controllers\Home))
#7 C:\Users\acer\Videos\perpus\perpus\system\CodeIgniter.php(326): CodeIgniter\CodeIgniter->handleRequest(NULL, Object(Config\Cache), false)
#8 C:\Users\acer\Videos\perpus\perpus\public\index.php(37): CodeIgniter\CodeIgniter->run()
#9 C:\Users\acer\Videos\perpus\perpus\system\Commands\Server\rewrite.php(43): require_once('C:\\Users\\acer\\V...')
#10 {main}
CRITICAL - 2024-12-01 19:47:06 --> Invalid argument supplied for foreach()
#0 C:\Users\acer\Videos\perpus\perpus\app\Views\tcpdfpeminjaman.php(18): CodeIgniter\Debug\Exceptions->errorHandler(2, 'Invalid argumen...', 'C:\\Users\\acer\\V...', 18, Array)
#1 C:\Users\acer\Videos\perpus\perpus\system\View\View.php(210): include('C:\\Users\\acer\\V...')
#2 C:\Users\acer\Videos\perpus\perpus\system\View\View.php(213): CodeIgniter\View\View->CodeIgniter\View\{closure}()
#3 C:\Users\acer\Videos\perpus\perpus\system\Common.php(1089): CodeIgniter\View\View->render('tcpdfpeminjaman', Array, true)
#4 C:\Users\acer\Videos\perpus\perpus\app\Controllers\Home.php(602): view('tcpdfpeminjaman')
#5 C:\Users\acer\Videos\perpus\perpus\system\CodeIgniter.php(832): App\Controllers\Home->tcpdfpeminjaman()
#6 C:\Users\acer\Videos\perpus\perpus\system\CodeIgniter.php(419): CodeIgniter\CodeIgniter->runController(Object(App\Controllers\Home))
#7 C:\Users\acer\Videos\perpus\perpus\system\CodeIgniter.php(326): CodeIgniter\CodeIgniter->handleRequest(NULL, Object(Config\Cache), false)
#8 C:\Users\acer\Videos\perpus\perpus\public\index.php(37): CodeIgniter\CodeIgniter->run()
#9 C:\Users\acer\Videos\perpus\perpus\system\Commands\Server\rewrite.php(43): require_once('C:\\Users\\acer\\V...')
#10 {main}
CRITICAL - 2024-12-01 20:19:54 --> Invalid argument supplied for foreach()
#0 C:\Users\acer\Videos\perpus\perpus\app\Views\editpeminjaman.php(8): CodeIgniter\Debug\Exceptions->errorHandler(2, 'Invalid argumen...', 'C:\\Users\\acer\\V...', 8, Array)
#1 C:\Users\acer\Videos\perpus\perpus\system\View\View.php(210): include('C:\\Users\\acer\\V...')
#2 C:\Users\acer\Videos\perpus\perpus\system\View\View.php(213): CodeIgniter\View\View->CodeIgniter\View\{closure}()
#3 C:\Users\acer\Videos\perpus\perpus\system\Common.php(1089): CodeIgniter\View\View->render('editpeminjaman', Array, true)
#4 C:\Users\acer\Videos\perpus\perpus\app\Controllers\Home.php(563): view('editpeminjaman', Array)
#5 C:\Users\acer\Videos\perpus\perpus\system\CodeIgniter.php(832): App\Controllers\Home->editpeminjaman('assets', 'img', 'logo.png')
#6 C:\Users\acer\Videos\perpus\perpus\system\CodeIgniter.php(419): CodeIgniter\CodeIgniter->runController(Object(App\Controllers\Home))
#7 C:\Users\acer\Videos\perpus\perpus\system\CodeIgniter.php(326): CodeIgniter\CodeIgniter->handleRequest(NULL, Object(Config\Cache), false)
#8 C:\Users\acer\Videos\perpus\perpus\public\index.php(37): CodeIgniter\CodeIgniter->run()
#9 C:\Users\acer\Videos\perpus\perpus\system\Commands\Server\rewrite.php(43): require_once('C:\\Users\\acer\\V...')
#10 {main}
CRITICAL - 2024-12-01 20:19:54 --> Invalid argument supplied for foreach()
#0 C:\Users\acer\Videos\perpus\perpus\app\Views\editpeminjaman.php(8): CodeIgniter\Debug\Exceptions->errorHandler(2, 'Invalid argumen...', 'C:\\Users\\acer\\V...', 8, Array)
#1 C:\Users\acer\Videos\perpus\perpus\system\View\View.php(210): include('C:\\Users\\acer\\V...')
#2 C:\Users\acer\Videos\perpus\perpus\system\View\View.php(213): CodeIgniter\View\View->CodeIgniter\View\{closure}()
#3 C:\Users\acer\Videos\perpus\perpus\system\Common.php(1089): CodeIgniter\View\View->render('editpeminjaman', Array, true)
#4 C:\Users\acer\Videos\perpus\perpus\app\Controllers\Home.php(563): view('editpeminjaman', Array)
#5 C:\Users\acer\Videos\perpus\perpus\system\CodeIgniter.php(832): App\Controllers\Home->editpeminjaman('assets', 'img', 'messages-1.jpg')
#6 C:\Users\acer\Videos\perpus\perpus\system\CodeIgniter.php(419): CodeIgniter\CodeIgniter->runController(Object(App\Controllers\Home))
#7 C:\Users\acer\Videos\perpus\perpus\system\CodeIgniter.php(326): CodeIgniter\CodeIgniter->handleRequest(NULL, Object(Config\Cache), false)
#8 C:\Users\acer\Videos\perpus\perpus\public\index.php(37): CodeIgniter\CodeIgniter->run()
#9 C:\Users\acer\Videos\perpus\perpus\system\Commands\Server\rewrite.php(43): require_once('C:\\Users\\acer\\V...')
#10 {main}
CRITICAL - 2024-12-01 20:19:54 --> Invalid argument supplied for foreach()
#0 C:\Users\acer\Videos\perpus\perpus\app\Views\editpeminjaman.php(8): CodeIgniter\Debug\Exceptions->errorHandler(2, 'Invalid argumen...', 'C:\\Users\\acer\\V...', 8, Array)
#1 C:\Users\acer\Videos\perpus\perpus\system\View\View.php(210): include('C:\\Users\\acer\\V...')
#2 C:\Users\acer\Videos\perpus\perpus\system\View\View.php(213): CodeIgniter\View\View->CodeIgniter\View\{closure}()
#3 C:\Users\acer\Videos\perpus\perpus\system\Common.php(1089): CodeIgniter\View\View->render('editpeminjaman', Array, true)
#4 C:\Users\acer\Videos\perpus\perpus\app\Controllers\Home.php(563): view('editpeminjaman', Array)
#5 C:\Users\acer\Videos\perpus\perpus\system\CodeIgniter.php(832): App\Controllers\Home->editpeminjaman('assets', 'img', 'messages-2.jpg')
#6 C:\Users\acer\Videos\perpus\perpus\system\CodeIgniter.php(419): CodeIgniter\CodeIgniter->runController(Object(App\Controllers\Home))
#7 C:\Users\acer\Videos\perpus\perpus\system\CodeIgniter.php(326): CodeIgniter\CodeIgniter->handleRequest(NULL, Object(Config\Cache), false)
#8 C:\Users\acer\Videos\perpus\perpus\public\index.php(37): CodeIgniter\CodeIgniter->run()
#9 C:\Users\acer\Videos\perpus\perpus\system\Commands\Server\rewrite.php(43): require_once('C:\\Users\\acer\\V...')
#10 {main}
CRITICAL - 2024-12-01 20:19:54 --> Invalid argument supplied for foreach()
#0 C:\Users\acer\Videos\perpus\perpus\app\Views\editpeminjaman.php(8): CodeIgniter\Debug\Exceptions->errorHandler(2, 'Invalid argumen...', 'C:\\Users\\acer\\V...', 8, Array)
#1 C:\Users\acer\Videos\perpus\perpus\system\View\View.php(210): include('C:\\Users\\acer\\V...')
#2 C:\Users\acer\Videos\perpus\perpus\system\View\View.php(213): CodeIgniter\View\View->CodeIgniter\View\{closure}()
#3 C:\Users\acer\Videos\perpus\perpus\system\Common.php(1089): CodeIgniter\View\View->render('editpeminjaman', Array, true)
#4 C:\Users\acer\Videos\perpus\perpus\app\Controllers\Home.php(563): view('editpeminjaman', Array)
#5 C:\Users\acer\Videos\perpus\perpus\system\CodeIgniter.php(832): App\Controllers\Home->editpeminjaman('assets', 'img', 'messages-3.jpg')
#6 C:\Users\acer\Videos\perpus\perpus\system\CodeIgniter.php(419): CodeIgniter\CodeIgniter->runController(Object(App\Controllers\Home))
#7 C:\Users\acer\Videos\perpus\perpus\system\CodeIgniter.php(326): CodeIgniter\CodeIgniter->handleRequest(NULL, Object(Config\Cache), false)
#8 C:\Users\acer\Videos\perpus\perpus\public\index.php(37): CodeIgniter\CodeIgniter->run()
#9 C:\Users\acer\Videos\perpus\perpus\system\Commands\Server\rewrite.php(43): require_once('C:\\Users\\acer\\V...')
#10 {main}
CRITICAL - 2024-12-01 20:21:22 --> Invalid argument supplied for foreach()
#0 C:\Users\acer\Videos\perpus\perpus\app\Views\editpeminjaman.php(8): CodeIgniter\Debug\Exceptions->errorHandler(2, 'Invalid argumen...', 'C:\\Users\\acer\\V...', 8, Array)
#1 C:\Users\acer\Videos\perpus\perpus\system\View\View.php(210): include('C:\\Users\\acer\\V...')
#2 C:\Users\acer\Videos\perpus\perpus\system\View\View.php(213): CodeIgniter\View\View->CodeIgniter\View\{closure}()
#3 C:\Users\acer\Videos\perpus\perpus\system\Common.php(1089): CodeIgniter\View\View->render('editpeminjaman', Array, true)
#4 C:\Users\acer\Videos\perpus\perpus\app\Controllers\Home.php(563): view('editpeminjaman', Array)
#5 C:\Users\acer\Videos\perpus\perpus\system\CodeIgniter.php(832): App\Controllers\Home->editpeminjaman('assets', 'img', 'logo.png')
#6 C:\Users\acer\Videos\perpus\perpus\system\CodeIgniter.php(419): CodeIgniter\CodeIgniter->runController(Object(App\Controllers\Home))
#7 C:\Users\acer\Videos\perpus\perpus\system\CodeIgniter.php(326): CodeIgniter\CodeIgniter->handleRequest(NULL, Object(Config\Cache), false)
#8 C:\Users\acer\Videos\perpus\perpus\public\index.php(37): CodeIgniter\CodeIgniter->run()
#9 C:\Users\acer\Videos\perpus\perpus\system\Commands\Server\rewrite.php(43): require_once('C:\\Users\\acer\\V...')
#10 {main}
CRITICAL - 2024-12-01 20:21:23 --> Invalid argument supplied for foreach()
#0 C:\Users\acer\Videos\perpus\perpus\app\Views\editpeminjaman.php(8): CodeIgniter\Debug\Exceptions->errorHandler(2, 'Invalid argumen...', 'C:\\Users\\acer\\V...', 8, Array)
#1 C:\Users\acer\Videos\perpus\perpus\system\View\View.php(210): include('C:\\Users\\acer\\V...')
#2 C:\Users\acer\Videos\perpus\perpus\system\View\View.php(213): CodeIgniter\View\View->CodeIgniter\View\{closure}()
#3 C:\Users\acer\Videos\perpus\perpus\system\Common.php(1089): CodeIgniter\View\View->render('editpeminjaman', Array, true)
#4 C:\Users\acer\Videos\perpus\perpus\app\Controllers\Home.php(563): view('editpeminjaman', Array)
#5 C:\Users\acer\Videos\perpus\perpus\system\CodeIgniter.php(832): App\Controllers\Home->editpeminjaman('assets', 'img', 'messages-1.jpg')
#6 C:\Users\acer\Videos\perpus\perpus\system\CodeIgniter.php(419): CodeIgniter\CodeIgniter->runController(Object(App\Controllers\Home))
#7 C:\Users\acer\Videos\perpus\perpus\system\CodeIgniter.php(326): CodeIgniter\CodeIgniter->handleRequest(NULL, Object(Config\Cache), false)
#8 C:\Users\acer\Videos\perpus\perpus\public\index.php(37): CodeIgniter\CodeIgniter->run()
#9 C:\Users\acer\Videos\perpus\perpus\system\Commands\Server\rewrite.php(43): require_once('C:\\Users\\acer\\V...')
#10 {main}
CRITICAL - 2024-12-01 20:21:23 --> Invalid argument supplied for foreach()
#0 C:\Users\acer\Videos\perpus\perpus\app\Views\editpeminjaman.php(8): CodeIgniter\Debug\Exceptions->errorHandler(2, 'Invalid argumen...', 'C:\\Users\\acer\\V...', 8, Array)
#1 C:\Users\acer\Videos\perpus\perpus\system\View\View.php(210): include('C:\\Users\\acer\\V...')
#2 C:\Users\acer\Videos\perpus\perpus\system\View\View.php(213): CodeIgniter\View\View->CodeIgniter\View\{closure}()
#3 C:\Users\acer\Videos\perpus\perpus\system\Common.php(1089): CodeIgniter\View\View->render('editpeminjaman', Array, true)
#4 C:\Users\acer\Videos\perpus\perpus\app\Controllers\Home.php(563): view('editpeminjaman', Array)
#5 C:\Users\acer\Videos\perpus\perpus\system\CodeIgniter.php(832): App\Controllers\Home->editpeminjaman('assets', 'img', 'messages-2.jpg')
#6 C:\Users\acer\Videos\perpus\perpus\system\CodeIgniter.php(419): CodeIgniter\CodeIgniter->runController(Object(App\Controllers\Home))
#7 C:\Users\acer\Videos\perpus\perpus\system\CodeIgniter.php(326): CodeIgniter\CodeIgniter->handleRequest(NULL, Object(Config\Cache), false)
#8 C:\Users\acer\Videos\perpus\perpus\public\index.php(37): CodeIgniter\CodeIgniter->run()
#9 C:\Users\acer\Videos\perpus\perpus\system\Commands\Server\rewrite.php(43): require_once('C:\\Users\\acer\\V...')
#10 {main}
CRITICAL - 2024-12-01 20:21:23 --> Invalid argument supplied for foreach()
#0 C:\Users\acer\Videos\perpus\perpus\app\Views\editpeminjaman.php(8): CodeIgniter\Debug\Exceptions->errorHandler(2, 'Invalid argumen...', 'C:\\Users\\acer\\V...', 8, Array)
#1 C:\Users\acer\Videos\perpus\perpus\system\View\View.php(210): include('C:\\Users\\acer\\V...')
#2 C:\Users\acer\Videos\perpus\perpus\system\View\View.php(213): CodeIgniter\View\View->CodeIgniter\View\{closure}()
#3 C:\Users\acer\Videos\perpus\perpus\system\Common.php(1089): CodeIgniter\View\View->render('editpeminjaman', Array, true)
#4 C:\Users\acer\Videos\perpus\perpus\app\Controllers\Home.php(563): view('editpeminjaman', Array)
#5 C:\Users\acer\Videos\perpus\perpus\system\CodeIgniter.php(832): App\Controllers\Home->editpeminjaman('assets', 'img', 'messages-3.jpg')
#6 C:\Users\acer\Videos\perpus\perpus\system\CodeIgniter.php(419): CodeIgniter\CodeIgniter->runController(Object(App\Controllers\Home))
#7 C:\Users\acer\Videos\perpus\perpus\system\CodeIgniter.php(326): CodeIgniter\CodeIgniter->handleRequest(NULL, Object(Config\Cache), false)
#8 C:\Users\acer\Videos\perpus\perpus\public\index.php(37): CodeIgniter\CodeIgniter->run()
#9 C:\Users\acer\Videos\perpus\perpus\system\Commands\Server\rewrite.php(43): require_once('C:\\Users\\acer\\V...')
#10 {main}
CRITICAL - 2024-12-01 20:21:47 --> Invalid argument supplied for foreach()
#0 C:\Users\acer\Videos\perpus\perpus\app\Views\editpeminjaman.php(8): CodeIgniter\Debug\Exceptions->errorHandler(2, 'Invalid argumen...', 'C:\\Users\\acer\\V...', 8, Array)
#1 C:\Users\acer\Videos\perpus\perpus\system\View\View.php(210): include('C:\\Users\\acer\\V...')
#2 C:\Users\acer\Videos\perpus\perpus\system\View\View.php(213): CodeIgniter\View\View->CodeIgniter\View\{closure}()
#3 C:\Users\acer\Videos\perpus\perpus\system\Common.php(1089): CodeIgniter\View\View->render('editpeminjaman', Array, true)
#4 C:\Users\acer\Videos\perpus\perpus\app\Controllers\Home.php(563): view('editpeminjaman', Array)
#5 C:\Users\acer\Videos\perpus\perpus\system\CodeIgniter.php(832): App\Controllers\Home->editpeminjaman('assets', 'img', 'logo.png')
#6 C:\Users\acer\Videos\perpus\perpus\system\CodeIgniter.php(419): CodeIgniter\CodeIgniter->runController(Object(App\Controllers\Home))
#7 C:\Users\acer\Videos\perpus\perpus\system\CodeIgniter.php(326): CodeIgniter\CodeIgniter->handleRequest(NULL, Object(Config\Cache), false)
#8 C:\Users\acer\Videos\perpus\perpus\public\index.php(37): CodeIgniter\CodeIgniter->run()
#9 C:\Users\acer\Videos\perpus\perpus\system\Commands\Server\rewrite.php(43): require_once('C:\\Users\\acer\\V...')
#10 {main}
CRITICAL - 2024-12-01 20:21:47 --> Invalid argument supplied for foreach()
#0 C:\Users\acer\Videos\perpus\perpus\app\Views\editpeminjaman.php(8): CodeIgniter\Debug\Exceptions->errorHandler(2, 'Invalid argumen...', 'C:\\Users\\acer\\V...', 8, Array)
#1 C:\Users\acer\Videos\perpus\perpus\system\View\View.php(210): include('C:\\Users\\acer\\V...')
#2 C:\Users\acer\Videos\perpus\perpus\system\View\View.php(213): CodeIgniter\View\View->CodeIgniter\View\{closure}()
#3 C:\Users\acer\Videos\perpus\perpus\system\Common.php(1089): CodeIgniter\View\View->render('editpeminjaman', Array, true)
#4 C:\Users\acer\Videos\perpus\perpus\app\Controllers\Home.php(563): view('editpeminjaman', Array)
#5 C:\Users\acer\Videos\perpus\perpus\system\CodeIgniter.php(832): App\Controllers\Home->editpeminjaman('assets', 'img', 'messages-1.jpg')
#6 C:\Users\acer\Videos\perpus\perpus\system\CodeIgniter.php(419): CodeIgniter\CodeIgniter->runController(Object(App\Controllers\Home))
#7 C:\Users\acer\Videos\perpus\perpus\system\CodeIgniter.php(326): CodeIgniter\CodeIgniter->handleRequest(NULL, Object(Config\Cache), false)
#8 C:\Users\acer\Videos\perpus\perpus\public\index.php(37): CodeIgniter\CodeIgniter->run()
#9 C:\Users\acer\Videos\perpus\perpus\system\Commands\Server\rewrite.php(43): require_once('C:\\Users\\acer\\V...')
#10 {main}
CRITICAL - 2024-12-01 20:21:48 --> Invalid argument supplied for foreach()
#0 C:\Users\acer\Videos\perpus\perpus\app\Views\editpeminjaman.php(8): CodeIgniter\Debug\Exceptions->errorHandler(2, 'Invalid argumen...', 'C:\\Users\\acer\\V...', 8, Array)
#1 C:\Users\acer\Videos\perpus\perpus\system\View\View.php(210): include('C:\\Users\\acer\\V...')
#2 C:\Users\acer\Videos\perpus\perpus\system\View\View.php(213): CodeIgniter\View\View->CodeIgniter\View\{closure}()
#3 C:\Users\acer\Videos\perpus\perpus\system\Common.php(1089): CodeIgniter\View\View->render('editpeminjaman', Array, true)
#4 C:\Users\acer\Videos\perpus\perpus\app\Controllers\Home.php(563): view('editpeminjaman', Array)
#5 C:\Users\acer\Videos\perpus\perpus\system\CodeIgniter.php(832): App\Controllers\Home->editpeminjaman('assets', 'img', 'messages-2.jpg')
#6 C:\Users\acer\Videos\perpus\perpus\system\CodeIgniter.php(419): CodeIgniter\CodeIgniter->runController(Object(App\Controllers\Home))
#7 C:\Users\acer\Videos\perpus\perpus\system\CodeIgniter.php(326): CodeIgniter\CodeIgniter->handleRequest(NULL, Object(Config\Cache), false)
#8 C:\Users\acer\Videos\perpus\perpus\public\index.php(37): CodeIgniter\CodeIgniter->run()
#9 C:\Users\acer\Videos\perpus\perpus\system\Commands\Server\rewrite.php(43): require_once('C:\\Users\\acer\\V...')
#10 {main}
CRITICAL - 2024-12-01 20:21:48 --> Invalid argument supplied for foreach()
#0 C:\Users\acer\Videos\perpus\perpus\app\Views\editpeminjaman.php(8): CodeIgniter\Debug\Exceptions->errorHandler(2, 'Invalid argumen...', 'C:\\Users\\acer\\V...', 8, Array)
#1 C:\Users\acer\Videos\perpus\perpus\system\View\View.php(210): include('C:\\Users\\acer\\V...')
#2 C:\Users\acer\Videos\perpus\perpus\system\View\View.php(213): CodeIgniter\View\View->CodeIgniter\View\{closure}()
#3 C:\Users\acer\Videos\perpus\perpus\system\Common.php(1089): CodeIgniter\View\View->render('editpeminjaman', Array, true)
#4 C:\Users\acer\Videos\perpus\perpus\app\Controllers\Home.php(563): view('editpeminjaman', Array)
#5 C:\Users\acer\Videos\perpus\perpus\system\CodeIgniter.php(832): App\Controllers\Home->editpeminjaman('assets', 'img', 'messages-3.jpg')
#6 C:\Users\acer\Videos\perpus\perpus\system\CodeIgniter.php(419): CodeIgniter\CodeIgniter->runController(Object(App\Controllers\Home))
#7 C:\Users\acer\Videos\perpus\perpus\system\CodeIgniter.php(326): CodeIgniter\CodeIgniter->handleRequest(NULL, Object(Config\Cache), false)
#8 C:\Users\acer\Videos\perpus\perpus\public\index.php(37): CodeIgniter\CodeIgniter->run()
#9 C:\Users\acer\Videos\perpus\perpus\system\Commands\Server\rewrite.php(43): require_once('C:\\Users\\acer\\V...')
#10 {main}
CRITICAL - 2024-12-01 20:27:30 --> Invalid argument supplied for foreach()
#0 C:\Users\acer\Videos\perpus\perpus\app\Views\editpeminjaman.php(8): CodeIgniter\Debug\Exceptions->errorHandler(2, 'Invalid argumen...', 'C:\\Users\\acer\\V...', 8, Array)
#1 C:\Users\acer\Videos\perpus\perpus\system\View\View.php(210): include('C:\\Users\\acer\\V...')
#2 C:\Users\acer\Videos\perpus\perpus\system\View\View.php(213): CodeIgniter\View\View->CodeIgniter\View\{closure}()
#3 C:\Users\acer\Videos\perpus\perpus\system\Common.php(1089): CodeIgniter\View\View->render('editpeminjaman', Array, true)
#4 C:\Users\acer\Videos\perpus\perpus\app\Controllers\Home.php(563): view('editpeminjaman', Array)
#5 C:\Users\acer\Videos\perpus\perpus\system\CodeIgniter.php(832): App\Controllers\Home->editpeminjaman('assets', 'img', 'logo.png')
#6 C:\Users\acer\Videos\perpus\perpus\system\CodeIgniter.php(419): CodeIgniter\CodeIgniter->runController(Object(App\Controllers\Home))
#7 C:\Users\acer\Videos\perpus\perpus\system\CodeIgniter.php(326): CodeIgniter\CodeIgniter->handleRequest(NULL, Object(Config\Cache), false)
#8 C:\Users\acer\Videos\perpus\perpus\public\index.php(37): CodeIgniter\CodeIgniter->run()
#9 C:\Users\acer\Videos\perpus\perpus\system\Commands\Server\rewrite.php(43): require_once('C:\\Users\\acer\\V...')
#10 {main}
CRITICAL - 2024-12-01 20:27:31 --> Invalid argument supplied for foreach()
#0 C:\Users\acer\Videos\perpus\perpus\app\Views\editpeminjaman.php(8): CodeIgniter\Debug\Exceptions->errorHandler(2, 'Invalid argumen...', 'C:\\Users\\acer\\V...', 8, Array)
#1 C:\Users\acer\Videos\perpus\perpus\system\View\View.php(210): include('C:\\Users\\acer\\V...')
#2 C:\Users\acer\Videos\perpus\perpus\system\View\View.php(213): CodeIgniter\View\View->CodeIgniter\View\{closure}()
#3 C:\Users\acer\Videos\perpus\perpus\system\Common.php(1089): CodeIgniter\View\View->render('editpeminjaman', Array, true)
#4 C:\Users\acer\Videos\perpus\perpus\app\Controllers\Home.php(563): view('editpeminjaman', Array)
#5 C:\Users\acer\Videos\perpus\perpus\system\CodeIgniter.php(832): App\Controllers\Home->editpeminjaman('assets', 'img', 'messages-1.jpg')
#6 C:\Users\acer\Videos\perpus\perpus\system\CodeIgniter.php(419): CodeIgniter\CodeIgniter->runController(Object(App\Controllers\Home))
#7 C:\Users\acer\Videos\perpus\perpus\system\CodeIgniter.php(326): CodeIgniter\CodeIgniter->handleRequest(NULL, Object(Config\Cache), false)
#8 C:\Users\acer\Videos\perpus\perpus\public\index.php(37): CodeIgniter\CodeIgniter->run()
#9 C:\Users\acer\Videos\perpus\perpus\system\Commands\Server\rewrite.php(43): require_once('C:\\Users\\acer\\V...')
#10 {main}
CRITICAL - 2024-12-01 20:27:31 --> Invalid argument supplied for foreach()
#0 C:\Users\acer\Videos\perpus\perpus\app\Views\editpeminjaman.php(8): CodeIgniter\Debug\Exceptions->errorHandler(2, 'Invalid argumen...', 'C:\\Users\\acer\\V...', 8, Array)
#1 C:\Users\acer\Videos\perpus\perpus\system\View\View.php(210): include('C:\\Users\\acer\\V...')
#2 C:\Users\acer\Videos\perpus\perpus\system\View\View.php(213): CodeIgniter\View\View->CodeIgniter\View\{closure}()
#3 C:\Users\acer\Videos\perpus\perpus\system\Common.php(1089): CodeIgniter\View\View->render('editpeminjaman', Array, true)
#4 C:\Users\acer\Videos\perpus\perpus\app\Controllers\Home.php(563): view('editpeminjaman', Array)
#5 C:\Users\acer\Videos\perpus\perpus\system\CodeIgniter.php(832): App\Controllers\Home->editpeminjaman('assets', 'img', 'messages-2.jpg')
#6 C:\Users\acer\Videos\perpus\perpus\system\CodeIgniter.php(419): CodeIgniter\CodeIgniter->runController(Object(App\Controllers\Home))
#7 C:\Users\acer\Videos\perpus\perpus\system\CodeIgniter.php(326): CodeIgniter\CodeIgniter->handleRequest(NULL, Object(Config\Cache), false)
#8 C:\Users\acer\Videos\perpus\perpus\public\index.php(37): CodeIgniter\CodeIgniter->run()
#9 C:\Users\acer\Videos\perpus\perpus\system\Commands\Server\rewrite.php(43): require_once('C:\\Users\\acer\\V...')
#10 {main}
CRITICAL - 2024-12-01 20:27:31 --> Invalid argument supplied for foreach()
#0 C:\Users\acer\Videos\perpus\perpus\app\Views\editpeminjaman.php(8): CodeIgniter\Debug\Exceptions->errorHandler(2, 'Invalid argumen...', 'C:\\Users\\acer\\V...', 8, Array)
#1 C:\Users\acer\Videos\perpus\perpus\system\View\View.php(210): include('C:\\Users\\acer\\V...')
#2 C:\Users\acer\Videos\perpus\perpus\system\View\View.php(213): CodeIgniter\View\View->CodeIgniter\View\{closure}()
#3 C:\Users\acer\Videos\perpus\perpus\system\Common.php(1089): CodeIgniter\View\View->render('editpeminjaman', Array, true)
#4 C:\Users\acer\Videos\perpus\perpus\app\Controllers\Home.php(563): view('editpeminjaman', Array)
#5 C:\Users\acer\Videos\perpus\perpus\system\CodeIgniter.php(832): App\Controllers\Home->editpeminjaman('assets', 'img', 'messages-3.jpg')
#6 C:\Users\acer\Videos\perpus\perpus\system\CodeIgniter.php(419): CodeIgniter\CodeIgniter->runController(Object(App\Controllers\Home))
#7 C:\Users\acer\Videos\perpus\perpus\system\CodeIgniter.php(326): CodeIgniter\CodeIgniter->handleRequest(NULL, Object(Config\Cache), false)
#8 C:\Users\acer\Videos\perpus\perpus\public\index.php(37): CodeIgniter\CodeIgniter->run()
#9 C:\Users\acer\Videos\perpus\perpus\system\Commands\Server\rewrite.php(43): require_once('C:\\Users\\acer\\V...')
#10 {main}
ERROR - 2024-12-01 21:54:16 --> Unknown column 'nama_siswa' in 'field list'
ERROR - 2024-12-01 22:30:23 --> Unknown column 'nama_siswa' in 'field list'
ERROR - 2024-12-01 22:37:02 --> Unknown column 'nama_siswa' in 'field list'
ERROR - 2024-12-01 22:38:33 --> Unknown column 'nama_siswa' in 'field list'
CRITICAL - 2024-12-01 22:41:56 --> Call to a member function tampil() on null
#0 C:\Users\acer\Videos\perpus\perpus\system\CodeIgniter.php(832): App\Controllers\Home->input_peminjaman()
#1 C:\Users\acer\Videos\perpus\perpus\system\CodeIgniter.php(419): CodeIgniter\CodeIgniter->runController(Object(App\Controllers\Home))
#2 C:\Users\acer\Videos\perpus\perpus\system\CodeIgniter.php(326): CodeIgniter\CodeIgniter->handleRequest(NULL, Object(Config\Cache), false)
#3 C:\Users\acer\Videos\perpus\perpus\public\index.php(37): CodeIgniter\CodeIgniter->run()
#4 C:\Users\acer\Videos\perpus\perpus\system\Commands\Server\rewrite.php(43): require_once('C:\\Users\\acer\\V...')
#5 {main}
CRITICAL - 2024-12-01 22:43:51 --> Call to a member function tampil() on null
#0 C:\Users\acer\Videos\perpus\perpus\system\CodeIgniter.php(832): App\Controllers\Home->input_peminjaman()
#1 C:\Users\acer\Videos\perpus\perpus\system\CodeIgniter.php(419): CodeIgniter\CodeIgniter->runController(Object(App\Controllers\Home))
#2 C:\Users\acer\Videos\perpus\perpus\system\CodeIgniter.php(326): CodeIgniter\CodeIgniter->handleRequest(NULL, Object(Config\Cache), false)
#3 C:\Users\acer\Videos\perpus\perpus\public\index.php(37): CodeIgniter\CodeIgniter->run()
#4 C:\Users\acer\Videos\perpus\perpus\system\Commands\Server\rewrite.php(43): require_once('C:\\Users\\acer\\V...')
#5 {main}
CRITICAL - 2024-12-01 22:44:18 --> Call to a member function tampil() on null
#0 C:\Users\acer\Videos\perpus\perpus\system\CodeIgniter.php(832): App\Controllers\Home->input_peminjaman()
#1 C:\Users\acer\Videos\perpus\perpus\system\CodeIgniter.php(419): CodeIgniter\CodeIgniter->runController(Object(App\Controllers\Home))
#2 C:\Users\acer\Videos\perpus\perpus\system\CodeIgniter.php(326): CodeIgniter\CodeIgniter->handleRequest(NULL, Object(Config\Cache), false)
#3 C:\Users\acer\Videos\perpus\perpus\public\index.php(37): CodeIgniter\CodeIgniter->run()
#4 C:\Users\acer\Videos\perpus\perpus\system\Commands\Server\rewrite.php(43): require_once('C:\\Users\\acer\\V...')
#5 {main}
CRITICAL - 2024-12-01 22:44:24 --> Call to a member function tampil() on null
#0 C:\Users\acer\Videos\perpus\perpus\system\CodeIgniter.php(832): App\Controllers\Home->input_peminjaman()
#1 C:\Users\acer\Videos\perpus\perpus\system\CodeIgniter.php(419): CodeIgniter\CodeIgniter->runController(Object(App\Controllers\Home))
#2 C:\Users\acer\Videos\perpus\perpus\system\CodeIgniter.php(326): CodeIgniter\CodeIgniter->handleRequest(NULL, Object(Config\Cache), false)
#3 C:\Users\acer\Videos\perpus\perpus\public\index.php(37): CodeIgniter\CodeIgniter->run()
#4 C:\Users\acer\Videos\perpus\perpus\system\Commands\Server\rewrite.php(43): require_once('C:\\Users\\acer\\V...')
#5 {main}
ERROR - 2024-12-01 22:45:04 --> Unknown column 'nama_siswa' in 'field list'
